2005-10-19 13:39:47,390 - SimpleLog4JLogSystem initialized using logfile 'velocity.log'
2005-10-19 13:39:47,390 - ************************************************************** 
2005-10-19 13:39:47,390 - Starting Jakarta Velocity v1.4-dev
2005-10-19 13:39:47,390 - RuntimeInstance initializing.
2005-10-19 13:39:47,390 - Default Properties File: org\apache\velocity\runtime\defaults\velocity.properties
2005-10-19 13:39:47,390 - Trying to use logger class org.apache.velocity.runtime.log.AvalonLogSystem
2005-10-19 13:39:47,390 - Couldn't find class org.apache.velocity.runtime.log.AvalonLogSystem or necessary supporting classes in classpath. Exception : java.lang.NoClassDefFoundError: org/apache/log/format/Formatter
2005-10-19 13:39:47,390 - Trying to use logger class org.apache.velocity.runtime.log.SimpleLog4JLogSystem
2005-10-19 13:39:47,390 - Using logger class org.apache.velocity.runtime.log.SimpleLog4JLogSystem
2005-10-19 13:39:47,406 - Default ResourceManager initializing. (class org.apache.velocity.runtime.resource.ResourceManagerImpl)
2005-10-19 13:39:47,421 - Resource Loader Instantiated: org.apache.velocity.runtime.resource.loader.FileResourceLoader
2005-10-19 13:39:47,421 - FileResourceLoader : initialization starting.
2005-10-19 13:39:47,421 - FileResourceLoader : adding path 'C:\Documents and Settings\sheyns\.maven\cache\maven-xdoc-plugin-1.8\plugin-resources/templates'
2005-10-19 13:39:47,421 - FileResourceLoader : initialization complete.
2005-10-19 13:39:47,421 - ResourceCache : initialized. (class org.apache.velocity.runtime.resource.ResourceCacheImpl)
2005-10-19 13:39:47,421 - Default ResourceManager initialization complete.
2005-10-19 13:39:47,421 - Loaded System Directive: org.apache.velocity.runtime.directive.Literal
2005-10-19 13:39:47,437 - Loaded System Directive: org.apache.velocity.runtime.directive.Macro
2005-10-19 13:39:47,437 - Loaded System Directive: org.apache.velocity.runtime.directive.Parse
2005-10-19 13:39:47,453 - Loaded System Directive: org.apache.velocity.runtime.directive.Include
2005-10-19 13:39:47,453 - Loaded System Directive: org.apache.velocity.runtime.directive.Foreach
2005-10-19 13:39:47,562 - Created: 20 parsers.
2005-10-19 13:39:47,593 - Velocimacro : initialization starting.
2005-10-19 13:39:47,593 - Velocimacro : adding VMs from VM library template : VM_global_library.vm
2005-10-19 13:39:47,609 - ResourceManager : unable to find resource 'VM_global_library.vm' in any resource loader.
2005-10-19 13:39:47,609 - Velocimacro : error using  VM library template VM_global_library.vm : org.apache.velocity.exception.ResourceNotFoundException: Unable to find resource 'VM_global_library.vm'
2005-10-19 13:39:47,609 - Velocimacro :  VM library template macro registration complete.
2005-10-19 13:39:47,609 - Velocimacro : allowInline = true : VMs can be defined inline in templates
2005-10-19 13:39:47,609 - Velocimacro : allowInlineToOverride = false : VMs defined inline may NOT replace previous VM definitions
2005-10-19 13:39:47,609 - Velocimacro : allowInlineLocal = false : VMs defined inline will be  global in scope if allowed.
2005-10-19 13:39:47,609 - Velocimacro : messages on  : VM system will output logging messages
2005-10-19 13:39:47,609 - Velocimacro : autoload off  : VM system will not automatically reload global library macros
2005-10-19 13:39:47,609 - Velocimacro : initialization complete.
2005-10-19 13:39:47,609 - Velocity successfully started.
2005-10-19 13:39:47,718 - ResourceManager : found cvs-usage.xml with loader org.apache.velocity.runtime.resource.loader.FileResourceLoader
2005-10-19 13:39:47,750 - RHS of #set statement is null. Context will not be modified. cvs-usage.xml [line 28, column 5]
2005-10-19 13:39:47,750 - ResourceManager : found index.xml with loader org.apache.velocity.runtime.resource.loader.FileResourceLoader
2005-10-19 13:39:47,781 - ResourceManager : found maven-reports.xml with loader org.apache.velocity.runtime.resource.loader.FileResourceLoader
2005-10-19 13:39:47,796 - ResourceManager : found dependencies.xml with loader org.apache.velocity.runtime.resource.loader.FileResourceLoader
2005-10-19 13:39:47,796 - ResourceManager : found issue-tracking.xml with loader org.apache.velocity.runtime.resource.loader.FileResourceLoader
2005-10-19 13:39:47,812 - Velocimacro : added new VM : #displayLink( label link ) : source = mail-lists.xml
2005-10-19 13:39:47,890 - ResourceManager : found mail-lists.xml with loader org.apache.velocity.runtime.resource.loader.FileResourceLoader
2005-10-19 13:39:47,890 - ResourceManager : found project-info.xml with loader org.apache.velocity.runtime.resource.loader.FileResourceLoader
2005-10-19 13:39:47,921 - ResourceManager : found team-list.xml with loader org.apache.velocity.runtime.resource.loader.FileResourceLoader
